20230528	22:51:50	8cf045ee-5062-4998-89a7-2813153409a2	GET	/	undefined
20230528	22:51:50	3a40802a-0f93-4d49-bbdd-e80a44b22e4f	GET	/css/style.css	undefined
20230528	23:02:10	2b3222be-7118-4e73-8482-1e874e76b7a2	OPTIONS	/	https://www.google.com
20230528	23:02:10	33decf69-0cb0-45b6-92ef-1ce73cf00b8d	GET	/	https://www.google.com
20230528	23:05:15	c7380be1-2bc1-413d-aef3-84b8f43d8a00	OPTIONS	/	https://www.google.com
20230528	23:05:15	bcc8bd4b-21b5-4c16-9b6c-9f1d36905cdd	GET	/	https://www.google.com
20230528	23:05:18	17096c3e-fe64-4bdf-a45c-67c3df1cebc5	OPTIONS	/	https://www.google.com
20230528	23:05:18	deba9097-430b-44d3-93b4-3288cb67374e	GET	/	https://www.google.com
20230528	23:05:28	a5a5dddc-19b5-4da1-b0e8-03ac722c21a4	OPTIONS	/	https://www.google.com
20230528	23:05:28	eb81de47-d7fa-49e2-bcd6-199227c07ebc	GET	/	https://www.google.com
20230528	23:07:20	1a63e143-3bbe-4dd9-800f-09bb26402663	OPTIONS	/	https://www.google.com
20230528	23:07:20	bb3daee3-0a8e-4497-a966-d65a50de011e	GET	/	https://www.google.com
20230528	23:19:59	5fb6bbe8-4ad6-4317-bb4e-4c5c82720f77	OPTIONS	/	https://www.google.com
20230528	23:19:59	67b9e6f4-b67b-4235-814e-6554bdc78114	GET	/	https://www.google.com
20230528	23:32:16	72d46592-c023-430f-a061-b77443d2525b	GET	/dd	undefined
20230528	23:32:16	dcc95298-e627-482e-a47f-2d10e2e9df7b	GET	/css/style.css	undefined
20230528	23:46:25	391bbcf8-5b94-4b52-a1f6-74f1c1fa6d0b	GET	/	undefined
20230528	23:46:25	1c1255b6-dc50-4666-b0ed-af184aed75e9	GET	/css/style.css	undefined
20230528	23:46:25	45b84357-63dc-481b-8bbf-50593dfc7b7b	GET	/favicon.ico	undefined
20230528	23:46:30	8ec3d921-12ba-4da5-ac33-bf2b3f0bf3f8	GET	/jj	undefined
20230528	23:46:30	7621d688-2eda-4d33-9ad1-bad6cbba5428	GET	/css/style.css	undefined
20230528	23:49:54	02069736-59b5-4097-a2ee-6d0566321e75	GET	/jj	undefined
20230528	23:49:54	2b699f81-0e86-4b13-9e84-42367c9b8805	GET	/css/style.css	undefined
20230528	23:50:49	844f4a72-09fe-4a8d-b36b-1278ef466f3b	OPTIONS	/	https://www.google.com
20230528	23:50:49	707d2a55-a7ac-467e-bdfc-e053d6ec3333	GET	/	https://www.google.com
20230528	23:53:26	e44366ca-2f84-4e37-8caf-c4eb37293ba2	GET	/jj	undefined
20230528	23:53:26	6c54d921-9547-4571-a9e0-0d6680cbcad5	GET	/css/style.css	undefined
20230528	23:53:39	8f158040-ed4e-43e3-ad5a-275c87e2303a	OPTIONS	/	https://www.google.com
20230528	23:53:39	b779d06c-7cd4-4cde-918b-577430ddb3ad	GET	/	https://www.google.com
20230529	01:10:32	1822cf83-f40e-4c72-8bc0-ea7b50778263	GET	/	undefined
20230529	01:10:32	d267d244-dbf5-42ae-9c34-76c8d9680c1c	GET	/css/style.css	undefined
20230530	16:18:55	75a7f766-63b3-4206-a6f2-ee506ed65fae	GET	/users	undefined
20230530	16:19:39	d2dceabd-21c3-4b03-b997-ce9ecaae9169	GET	/users	undefined
20230530	16:19:51	f85f6f77-d0d3-4a3c-b188-2d121dd2d7e7	GET	/users	undefined
20230530	16:20:53	75d24175-ce39-4896-84e9-aa02d5f9eb5e	GET	/users	undefined
20230530	16:23:11	666954c3-f13b-42ce-8d42-615a4068e632	POST	/users	undefined
20230530	16:23:27	1e253d6e-9025-499c-b828-0f97505fe308	POST	/users	undefined
20230530	16:23:47	f130e3ca-3a63-48a0-a006-de92336f8362	GET	/users	undefined
20230530	16:27:12	8fa1fecc-3735-4b71-aebc-3df711b6fa45	GET	/users	undefined
20230530	16:27:35	2ac00130-9562-4e4d-affc-c83e293be424	POST	/users	undefined
20230530	16:27:43	d860b420-1551-4d54-a928-0c488ee63005	GET	/users	undefined
20230530	16:32:51	883c66a1-dada-4779-82a5-da71b33e3f80	GET	/users	undefined
20230530	16:33:07	ea54da60-c2f2-4968-9a79-4e560a30dfdd	GET	/users	undefined
20230530	16:35:47	97c69f7d-2e77-407c-80f3-f9d80fdcb309	POST	/users	undefined
20230530	16:36:14	68064789-b57f-42b4-aa6e-373b6db5b36e	POST	/users	undefined
20230530	16:36:26	0428f723-03c4-427c-8975-e9c04b4f2c92	GET	/users	undefined
20230530	16:37:46	6ce61ee7-c230-46fb-8b43-d96279dc72e3	PATCH	/users	undefined
20230530	16:38:49	74144f46-6a4a-4e35-88cc-5e7a79046059	PATCH	/users	undefined
20230530	16:39:18	a1939e32-2bb4-4f18-a926-b3d2be2725d9	PATCH	/users	undefined
20230530	16:39:30	39d6bac7-6e40-48b9-a752-c19ce0e8c1b1	GET	/users	undefined
20230530	16:40:22	0fe4070b-a4da-43d5-a867-45025e064d24	PATCH	/users	undefined
20230530	16:40:33	a867976d-1c29-4303-9cfd-46eac11aaf74	PATCH	/users	undefined
20230530	16:41:20	f22ac3d7-6de3-49bc-9812-69345b2c990a	PATCH	/users	undefined
20230530	16:42:52	960d0314-9941-4ef0-9dde-a706f8fe25f8	PATCH	/users	undefined
20230530	16:43:14	8633e046-c9c9-445f-9707-b43d0f17d929	PATCH	/users	undefined
20230530	16:49:06	16c4a568-23a9-451b-826a-75d141416d4e	PATCH	/users	undefined
20230530	16:49:24	fd4ca0ee-a61d-4450-9bb2-2da23fe9537c	PATCH	/users	undefined
20230530	16:49:29	869c9a42-1a62-4d57-8edb-1812fd15edbc	PATCH	/users	undefined
20230530	16:54:03	67181640-6186-4a73-b259-af85c1c3d2d8	DELETE	/users	undefined
20230530	17:20:27	d7655fa3-ef7b-47b9-8ce9-088e38c14741	POST	/notes	undefined
20230530	17:20:58	2d04dddd-af77-4ee8-9c79-3fe8213e621d	GET	/users	undefined
20230530	17:23:45	ed9767c9-c223-4465-b289-b2e478965edb	POST	/notes	undefined
20230530	17:25:45	9dbad8f3-60bd-4cc3-a999-96740d8d32ab	POST	/notes	undefined
20230530	17:27:27	1b0cfb43-c452-4a69-9eab-e0081c3007bb	POST	/notes	undefined
20230530	17:29:17	c16a8840-16a2-4fe5-8642-be563ebcfa0b	POST	/notes	undefined
20230530	17:29:31	521bb60a-f8da-467f-aee0-1b30207f8b07	POST	/notes	undefined
20230530	17:32:26	a333aa64-ff22-4142-88c7-03f52378f28e	POST	/notes	undefined
20230530	17:34:31	db00b658-733b-4bdf-b67d-cb3a0279fa06	POST	/notes	undefined
20230530	17:35:11	b1af734e-aaa8-4d23-bff9-c79f067de8ec	POST	/notes	undefined
20230530	17:35:24	c85e0acf-7b26-472c-9556-fe6564aeacc6	POST	/users	undefined
20230530	17:35:42	b17a0342-a4e5-410d-86e1-e7d855a27c50	POST	/notes	undefined
20230530	17:35:50	d567c217-2061-46d5-91b1-1f6f305d36a7	POST	/notes	undefined
20230530	17:36:01	3800ca17-7cfb-44c0-92d1-b44e5c113d17	GET	/users	undefined
20230530	17:36:21	808d4f3b-3acb-40d3-b742-b53d751d36e5	POST	/notes	undefined
20230530	17:36:40	83b7cddb-8fb2-43cb-8e46-35bf8cbf8599	POST	/notes	undefined
20230530	17:36:47	0dcaccf9-def3-4ae8-b7bd-c1d751531e23	POST	/notes	undefined
20230530	17:37:04	2cf73441-efcc-4360-8684-e34cde17b02b	POST	/notes	undefined
20230530	17:37:12	607b5fdf-5ab5-4e10-870e-6cd3440b91e4	POST	/notes	undefined
20230530	17:39:35	3cab4ff7-8b95-4a55-b269-551583c9f8de	POST	/notes	undefined
20230530	17:39:49	ffcb8ac9-d7ae-4841-8dd5-2fb1267c2f6a	POST	/notes	undefined
20230530	17:41:34	b62946b7-ea66-4114-b0a2-2e4af08b03e9	POST	/notes	undefined
20230530	17:42:56	079aeb2c-8cd1-4ea6-97c3-c66371f06589	POST	/notes	undefined
20230530	17:46:16	e38f5725-c7a2-4011-ab16-66208c4bb122	POST	/notes	undefined
20230530	17:46:24	f9aba11e-7ef7-43bd-b94f-84380ceab4d5	POST	/notes	undefined
20230530	17:46:31	ab1b3374-8458-4607-aca9-4bb436b52205	POST	/notes	undefined
20230530	17:46:41	3cfb5537-d0c8-4aa2-8350-1968cd2b516e	POST	/notes	undefined
20230530	17:46:58	e926797f-2f3b-4ddb-a4dc-760750eae65d	POST	/notes	undefined
20230530	17:47:09	c4b11dcd-e5f8-4bb3-b12b-06a8a7fa225a	POST	/notes	undefined
20230530	18:04:50	7845b0cc-bc02-484e-afd8-80b815eee420	POST	/notes	undefined
20230530	18:05:04	f461b268-ae39-4766-bd9d-dd513caed4eb	GET	/users	undefined
20230530	18:05:15	0fb73355-22cf-428c-aaea-d20bc32740b6	POST	/notes	undefined
20230530	18:05:35	d51394d7-47eb-479f-803b-4ae855f69b43	POST	/notes	undefined
20230530	18:05:49	0a3f3150-850b-4a17-9d89-0dbb26ef8003	POST	/notes	undefined
20230530	18:34:33	277e23da-cc4d-4a45-9e6e-8bdacb8a7340	POST	/notes	undefined
20230530	18:34:39	2864ff42-b503-4c0b-beb8-21663b2fdb73	POST	/notes	undefined
20230530	18:34:50	73297c7e-9bfd-4b6e-b9a9-858a86b1c5b4	POST	/notes	undefined
20230530	18:36:07	0eb0213d-13c5-40ba-af16-027c4f6cf6fd	POST	/notes	undefined
20230530	18:36:18	07aa4b61-47fb-41b6-a8c8-5feef79a351e	POST	/notes	undefined
20230530	18:36:26	47bab51e-86ba-4654-b96e-80ed42dca764	POST	/notes	undefined
20230530	18:36:42	c49585e7-e531-444f-ba2d-a89f151d864b	POST	/notes	undefined
20230530	18:40:50	9bc2d5c1-3cd1-4a9a-a199-70e6906f03f5	POST	/notes	undefined
20230530	18:40:56	11c700e3-db41-4e5f-ad46-ca47084dcc98	POST	/notes	undefined
20230530	18:44:26	b1b5d967-7ef7-4daf-9386-0ba751dedd3a	POST	/notes	undefined
20230530	18:44:51	3f8b5452-647f-425b-bde1-fe6134f08a30	POST	/notes	undefined
20230530	18:45:41	4046fef9-b4ee-416c-a835-87bfea2d5c3d	POST	/notes	undefined
20230530	18:45:50	ffeb225f-c53f-48fc-b45c-9153b8ee7ec9	POST	/notes	undefined
20230530	18:45:55	772abf74-3cfb-46cd-94ee-7c8bc944649e	POST	/notes	undefined
20230530	18:46:10	f19ef0a6-91b7-40d7-ba67-4ad2efdca3b6	POST	/notes	undefined
20230530	18:46:49	627628d4-9c44-4270-ae85-4243af4eca97	POST	/notes	undefined
20230530	18:47:33	dbc7cfa0-983f-4e97-8616-04d131a2fb86	POST	/notes	undefined
20230530	18:51:59	11202379-da0c-46e8-892d-b2de68206bce	POST	/notes	undefined
20230530	19:10:57	ea9666c9-0c33-4b76-9f12-242ef0ddc668	POST	/notes	undefined
20230530	19:20:09	8b3693d6-b82c-4dd9-8b9e-4d09c3d8822e	POST	/notes	undefined
20230530	19:48:24	76133dff-3c32-4063-af24-e45051064238	POST	/notes	undefined
20230530	19:49:22	ca294d8a-0fef-4b72-b73e-94bb308efdb7	POST	/notes	undefined
20230530	19:58:31	f2dba639-18af-430e-808c-c6bcfe19f619	POST	/notes	undefined
20230530	20:01:30	d6a66d33-0790-4c1c-b671-677e47ae7820	POST	/notes	undefined
20230530	20:15:03	ad37757b-b1c1-4c51-9d22-2e0b0e03f945	POST	/notes	undefined
20230530	20:19:07	9cd8137f-4556-407b-a050-c05a399a981a	POST	/notes	undefined
20230530	23:11:08	0f2a3ea4-ac3b-432f-a02e-1a5f4d34bcaf	GET	/users	http://localhost:3000
20230530	23:11:18	937d3fa4-4774-415e-8355-e7117530b4e6	GET	/users	http://localhost:3000
20230530	23:16:17	737d9135-9bb4-4030-a90b-2a9a3c2fc030	GET	/notes	http://localhost:3000
20230530	23:21:14	0f6574ea-7fae-4809-bcc9-d082b154781b	GET	/notes	http://localhost:3000
20230530	23:23:45	63e75b1b-51f6-4244-ad77-95b7684af216	GET	/notes	http://localhost:3000
20230530	23:27:35	2ce2d5ae-bc4a-4b89-a088-7cfedd66005b	GET	/notes	http://localhost:3000
20230531	00:01:38	1ef3ce11-6458-417c-8204-23a2f344e9c1	GET	/notes	http://localhost:3000
20230531	00:01:46	6f3d3e70-e316-4c0a-9db1-0f45e1dab6f4	GET	/notes	http://localhost:3000
20230531	00:02:03	9e6508e3-b9dc-4a03-8f5c-ceb341a9c5fc	OPTIONS	/notes	http://localhost:3000
20230531	00:02:03	dc9b1037-98cc-4a73-944f-dff4d505c98c	PATCH	/notes	http://localhost:3000
20230531	00:02:44	b1719f3d-ad3d-43c3-80b2-e41581b2c43f	GET	/notes	http://localhost:3000
20230531	00:02:59	77987278-7827-40ba-8960-beaead0bb3c9	OPTIONS	/notes	http://localhost:3000
20230531	00:02:59	936ecec7-7899-45b6-b104-fbe0dc26d2c6	PATCH	/notes	http://localhost:3000
20230531	00:03:23	efdb03ce-6e81-498f-bb5a-63dec8aec957	OPTIONS	/notes	http://localhost:3000
20230531	00:03:29	2817de6a-aa4d-4048-af80-33a6a3bfd5ca	PATCH	/notes	http://localhost:3000
20230531	00:06:04	121dcaf2-d09b-4937-8877-96cb193ad32e	GET	/notes	http://localhost:3000
20230531	00:06:28	26093cba-b3d1-4b33-8fa4-b753287dffc8	OPTIONS	/notes	http://localhost:3000
20230531	00:06:28	30ffa4e3-1806-43ec-b094-592f7cef2c06	PATCH	/notes	http://localhost:3000
20230531	00:18:32	f9fe07ba-145c-472d-b64f-f14e773e5096	GET	/users	http://localhost:3000
20230531	00:21:17	f102dc8c-1335-4234-b1c2-44269e9a4df7	GET	/users	http://localhost:3000
20230531	00:30:14	941ac407-a130-4399-a781-07c19edca9a0	GET	/notes	http://localhost:3000
20230531	00:31:39	0fce3906-8f91-4e66-b3bd-057846f46018	GET	/notes	http://localhost:3000
20230531	00:31:39	b7113fcf-2fad-4bbd-a036-dd7cee84a5dd	GET	/users	http://localhost:3000
20230531	00:32:01	fbb1aee1-d17e-40ac-9edd-e8801ce991dd	OPTIONS	/users	http://localhost:3000
20230531	00:32:01	034b4ab6-363e-4948-a223-0c2511574252	PATCH	/users	http://localhost:3000
20230531	00:32:01	c8bafe27-b287-428d-baf1-f8c1e97e8eb6	GET	/users	http://localhost:3000
20230531	00:32:38	77e5be3c-2f04-4b9d-9a1a-50ca87bd532f	OPTIONS	/users	http://localhost:3000
20230531	00:32:38	494f51cf-b963-471c-8340-6a2c4b9eacfb	PATCH	/users	http://localhost:3000
20230531	00:32:38	32224118-a60c-4ed8-bc78-71416ec8d13b	GET	/users	http://localhost:3000
20230531	00:32:53	82867110-5f81-487c-a1e6-884a03136cc4	OPTIONS	/users	http://localhost:3000
20230531	00:32:53	9298dfc1-498f-4a78-8d39-fcd2a4be0382	PATCH	/users	http://localhost:3000
20230531	00:32:53	11340055-5269-45ba-83f8-5ed2999fdc1a	GET	/users	http://localhost:3000
20230531	00:33:00	d1cd0ab2-d627-40ea-a277-e4ae08a4aa6c	GET	/users	http://localhost:3000
20230531	00:33:00	f4ba7ace-b95a-4da8-9362-6520e1e6a3c2	GET	/notes	http://localhost:3000
20230531	00:33:51	694e7c3d-d7cc-4cd9-9d61-7ac4496e4089	GET	/notes	http://localhost:3000
20230531	00:33:51	f71d0d6e-76cd-4623-84a9-c329a1f3e998	GET	/users	http://localhost:3000
20230531	00:34:04	12ae9023-7d89-48e3-905d-e4aa3d8882d9	OPTIONS	/users	http://localhost:3000
20230531	00:34:04	14ff0b17-c122-4bc2-8847-ac68ab4bf985	POST	/users	http://localhost:3000
20230531	00:34:04	971ee2bb-0621-4a0d-a58d-623e625ca630	GET	/users	http://localhost:3000
20230531	00:35:59	fd149d21-d250-499f-9963-94dceb729306	GET	/users	http://localhost:3000
20230531	00:35:59	2e9fa224-cb2d-4884-aed6-501dded6dfe6	GET	/notes	http://localhost:3000
20230531	00:37:29	54add6cc-d188-4e6a-8ab0-dd0ef6a14d8b	GET	/users	http://localhost:3000
20230531	00:38:29	59ce427f-cf31-430b-9f92-797d2d72fb7f	GET	/users	http://localhost:3000
20230531	00:39:30	6da9c1b7-d6dc-4665-936f-2611bb544c81	GET	/users	http://localhost:3000
20230531	00:40:07	be7b3d56-1905-46f8-b037-4b3685dcbd96	GET	/users	http://localhost:3000
20230531	00:40:11	95af6030-6b07-4f9f-ac86-17ece8d787bf	GET	/notes	http://localhost:3000
20230531	00:40:11	544f956c-9e36-4c68-82d8-770b8ce3a922	GET	/users	http://localhost:3000
20230531	00:40:15	583e2179-77b0-4408-9059-ad8198b24cf9	GET	/notes	http://localhost:3000
20230531	00:40:23	4211ead5-8049-4cef-b8d2-e8715276ce34	OPTIONS	/notes	http://localhost:3000
20230531	00:40:23	38225a3d-5e04-445a-b421-268f6f8c73a8	PATCH	/notes	http://localhost:3000
20230531	00:40:28	71e12011-58ab-4ec1-97a9-b7f553d2706e	GET	/notes	http://localhost:3000
20230531	00:40:44	e58aec17-f083-4c06-93af-a4532e83c56b	OPTIONS	/notes	http://localhost:3000
20230531	00:40:44	03c11f11-d285-4ef3-a33e-6ff4f8591cc8	PATCH	/notes	http://localhost:3000
20230531	00:40:45	dedac04a-46ce-4aa7-aa5d-3bb5ec6fb51b	GET	/notes	http://localhost:3000
20230531	00:41:01	fd7c39fc-637e-468d-aedb-872a9f28f0ca	GET	/notes	http://localhost:3000
20230531	00:41:17	112489c1-3340-41cd-8ec2-2033a1518529	GET	/notes	http://localhost:3000
20230531	00:41:33	a225f7e1-8c5e-43ac-bb8b-d687829c13d9	GET	/notes	http://localhost:3000
20230531	00:41:49	a83c5416-5dc6-452c-9b31-59cde6f47d97	GET	/notes	http://localhost:3000
20230531	00:42:05	34e5f256-03f9-4adc-a5e6-a65b72d48a88	GET	/notes	http://localhost:3000
20230531	00:42:21	b37eeb5e-f350-42eb-95e6-5086bab88e39	GET	/notes	http://localhost:3000
20230531	00:42:37	d95c0ca3-f258-4c7a-b473-d4a6d549eb12	GET	/notes	http://localhost:3000
20230531	00:42:53	53d1af9b-eae2-46b7-aaf6-c59c8cba3e76	GET	/notes	http://localhost:3000
20230531	00:43:09	5ff968fe-d7f1-4b52-8436-02f5a84ac403	GET	/notes	http://localhost:3000
20230531	00:43:25	f44eb8ed-822e-4e46-8a6e-9931db2d5571	GET	/notes	http://localhost:3000
20230531	00:43:41	35065620-7c20-4daa-a121-dbbadf903a43	GET	/notes	http://localhost:3000
20230531	00:43:57	c2dd8f19-2a23-49fc-9c8f-f6f4a4186612	GET	/notes	http://localhost:3000
20230531	00:44:13	04c80fcd-9b7c-428d-8b5b-ba963d305ece	GET	/notes	http://localhost:3000
20230531	00:44:29	61eca696-df8c-4f6c-953c-0104d92dbfa4	GET	/notes	http://localhost:3000
20230531	00:44:45	ff66fafa-4f75-4989-a88e-ce11e6617aa2	GET	/notes	http://localhost:3000
20230531	00:45:01	fdb56249-8625-44fd-a0fe-e108a9589117	GET	/notes	http://localhost:3000
20230531	00:45:17	3a8ddbef-3dc0-4700-acb2-ecd1c68554fe	GET	/notes	http://localhost:3000
20230531	00:45:33	1aff6e87-dd72-4a4e-947d-181d90bd8799	GET	/notes	http://localhost:3000
20230531	00:45:49	eaa1d22d-6ed5-4d49-979e-9f444ab50b07	GET	/notes	http://localhost:3000
20230531	00:46:05	a1383bf2-6a90-4885-88c4-9e2307d0c004	GET	/notes	http://localhost:3000
20230531	00:46:21	229fcd1a-ee89-489e-9188-0869e22c6b92	GET	/notes	http://localhost:3000
20230531	00:46:37	721a92fe-1c0a-4ccf-b469-f129dbd4c856	GET	/notes	http://localhost:3000
20230531	00:46:53	5687f9b5-9fcd-4b0f-b469-059b722748a0	GET	/notes	http://localhost:3000
20230531	00:47:09	85789d09-f9c1-48b8-8742-c07a75f11bdf	GET	/notes	http://localhost:3000
20230531	00:47:25	d407c6e6-6c14-49fb-9b3c-84224fcb8a6e	GET	/notes	http://localhost:3000
20230531	00:47:41	6c1b1ddc-accb-4078-94bc-3f05ca63e4f9	GET	/notes	http://localhost:3000
20230531	00:47:57	1d6533a7-42a2-4927-b4ed-fb80d0de052c	GET	/notes	http://localhost:3000
20230531	00:48:13	c8091be1-08c6-4627-8258-00d454c79093	GET	/notes	http://localhost:3000
20230531	00:48:29	ca766e9a-1eab-4a34-87ae-ba25be50caa2	GET	/notes	http://localhost:3000
20230531	00:48:45	c7c41bd7-fefe-49d0-aea8-83c23bc9e1e4	GET	/notes	http://localhost:3000
20230531	00:49:01	d34df757-c68f-47bd-a3f3-a3719410a46e	GET	/notes	http://localhost:3000
20230531	00:49:17	86428098-7a44-4d89-a53b-3e32a7a9886c	GET	/notes	http://localhost:3000
20230531	00:49:33	2b75ef47-1651-4285-9a4f-29548dbb0ed8	GET	/notes	http://localhost:3000
20230531	00:49:49	3dc41e7e-8817-41a5-8ca4-7ca86c22e4aa	GET	/notes	http://localhost:3000
20230531	00:50:05	2139619f-9e73-4527-ac30-16c446ab9d4c	GET	/notes	http://localhost:3000
20230531	00:50:21	794ffba8-0771-4a8f-9178-16de379019da	GET	/notes	http://localhost:3000
20230531	00:50:37	b21da8db-0c0c-4c7e-a3af-fd8a06190b56	GET	/notes	http://localhost:3000
20230531	00:50:53	a522e9aa-0332-41e8-a072-bee33afce52d	GET	/notes	http://localhost:3000
20230531	00:51:09	496f2a29-3c00-4106-8dba-f1a40ee1b309	GET	/notes	http://localhost:3000
20230531	00:51:25	7ad64b57-8d29-4890-9808-c1922db6b7b4	GET	/notes	http://localhost:3000
20230531	00:51:41	7f519024-7fea-46d9-bb5e-8ac700b216ed	GET	/notes	http://localhost:3000
20230531	00:51:57	29c79e32-1530-43ea-abb5-2d500f60d1f6	GET	/notes	http://localhost:3000
20230531	00:52:13	dd7cb1fe-072f-40d4-9597-054561392179	GET	/notes	http://localhost:3000
20230531	00:53:27	d6c841ab-1319-4419-be37-0921d62688b6	GET	/notes	http://localhost:3000
20230531	00:54:13	f1aa8fe4-e855-445a-b863-daad9705cae8	GET	/notes	http://localhost:3000
20230531	00:54:59	61e19b34-d673-4d05-9d2f-c09f18265eac	GET	/notes	http://localhost:3000
20230531	00:55:45	433a86be-7ea5-4173-ba91-31f71e8ec79d	GET	/notes	http://localhost:3000
20230531	00:56:31	91be92c2-071e-46bd-afc4-ee7594bdf0f2	GET	/notes	http://localhost:3000
20230531	00:57:17	60f919cf-43f5-4870-89df-24a518f6d5ad	GET	/notes	http://localhost:3000
20230531	00:58:03	f3424c9c-d3bb-4eed-b5fa-2286ea8c9d97	GET	/notes	http://localhost:3000
20230531	00:58:49	a5c7a95e-9213-4e3a-aa52-459c893a34ce	GET	/notes	http://localhost:3000
20230531	00:59:35	05ac82f7-6fa9-450f-8397-75929ea142f8	GET	/notes	http://localhost:3000
20230531	01:00:21	2a197c4c-a127-4c34-832a-632bab888b08	GET	/notes	http://localhost:3000
20230531	01:01:07	5802bae3-ab5d-48cf-b037-8f6efa68f777	GET	/notes	http://localhost:3000
20230531	01:01:53	5dcd25d1-8749-4eeb-bc07-d764972b04b7	GET	/notes	http://localhost:3000
20230531	01:02:39	78d0df43-35ce-4736-90dc-c88d46111f7e	GET	/notes	http://localhost:3000
20230531	01:36:45	e7d67e1c-9c12-45f3-a59e-df5e9f55890b	GET	/notes	http://localhost:3000
20230531	01:37:02	24417f0f-5560-451a-9380-f52d8a5cd25a	GET	/notes	http://localhost:3000
20230531	01:37:08	dc395306-bdf3-48ee-9540-1ab32e8fb3c2	GET	/notes	http://localhost:3000
20230531	01:46:25	98b71b4b-950f-466a-9049-d960002d6b7f	POST	/auth	undefined
20230531	01:49:18	c876a8b2-9912-45a5-a006-e121915b32b5	GET	/auth/refresh	undefined
20230531	01:50:14	caa4731b-857b-42d5-919e-6fb0ab1dbaea	GET	/auth/refresh	undefined
20230531	01:50:31	5884e019-669a-4ddb-8d75-df5ebbbbf876	POST	/auth	undefined
20230531	01:50:40	7a190763-cc21-4b06-84f6-b315eb47bd67	GET	/auth/refresh	undefined
20230531	01:51:25	e444314e-2d9c-4828-9554-957654545aa3	GET	/auth/refresh	undefined
20230531	01:52:38	04e7621a-a5c3-40a1-be9f-34cd73d3a8ed	GET	/auth/refresh	undefined
20230531	01:53:22	bd4c5a13-8bf4-431a-a918-0c3b179fb181	POST	/auth/logout	undefined
20230531	01:53:39	22d6f662-7c61-4e20-8205-9dd75c386ce5	POST	/auth/logout	undefined
20230531	01:54:02	5a7f874f-a72b-4e0b-bf24-ad6384fcde34	POST	/auth/	undefined
20230531	01:54:09	395a3f9c-70c3-4218-aaf6-8d49b8031ea6	POST	/auth/logout	undefined
20230531	01:54:28	94e49409-e93c-4d5d-bafc-0e78fba23b80	POST	/auth/	undefined
20230531	01:54:36	f697a645-aebf-43da-8e4d-0851594c6b56	POST	/auth/logout	undefined
20230531	10:17:33	3457989a-c662-4395-89e0-2b22e5158727	GET	/auth/refresh	undefined
20230531	10:18:10	ba14abd1-13fd-468c-aead-4fcf796d8c6f	POST	/auth/	undefined
20230531	10:21:36	f5f75ea3-016d-4486-86f8-0e417bfb9563	GET	/auth/refresh	undefined
20230531	10:21:50	b2c5679b-f477-48da-850a-18ea365f95b0	POST	/auth	undefined
20230531	10:22:09	8fa42a2f-1537-401e-be86-45907b1f4474	GET	/auth/refresh	undefined
20230531	10:22:18	23a8b42b-2dad-46e0-a7d4-fc94c26a7efc	GET	/auth/refresh	undefined
20230531	10:22:24	d17fa496-db0e-4ced-b163-091458aa1bca	GET	/auth/refresh	undefined
20230531	10:22:30	c022d513-6722-4514-afd2-5ac1f45510ea	GET	/auth/refresh	undefined
20230531	10:22:35	71996c2c-5eca-45f1-9b1b-fb5edad32e2c	GET	/auth/refresh	undefined
20230531	10:23:07	50587ade-d116-401e-a7c8-8d8300b47529	GET	/auth/refresh	undefined
20230531	10:27:37	6abd599f-b283-4e6a-be6a-a4e925a832e5	POST	/auth/logout	undefined
20230531	10:28:48	dc3c5dff-44ba-4e52-bfb0-c8b380021a5b	GET	/notes	undefined
20230531	22:24:37	1a40e03f-8dc6-4eb5-9540-65437a82fbc1	POST	/users	undefined
20230531	22:24:54	633c7b7e-3d1f-487b-85ce-4fa6324843eb	POST	/users	undefined
20230531	22:25:22	0967cc16-50af-4ad8-819b-545809f8009b	POST	/users	undefined
20230531	22:25:53	8e8416de-47ab-4963-86f3-404504499070	POST	/users	undefined
20230531	22:26:30	bfb003ac-af4b-4f90-877f-323d6f659b96	OPTIONS	/auth	http://localhost:3000
20230531	22:26:30	56820a32-02b2-47fc-86cf-40e0df7a6881	POST	/auth	http://localhost:3000
20230531	22:26:37	161ddaa6-78c0-47c7-b787-d7dfc68bb0ae	OPTIONS	/auth	http://localhost:3000
20230531	22:26:37	3b690739-ed0f-458c-af02-12047e8d48a6	POST	/auth	http://localhost:3000
20230531	22:27:09	4add97e2-43e1-422e-abee-9585ddaed029	POST	/auth/logout	undefined
20230531	22:27:17	2c7292a5-d0d6-43ad-bd44-0cfc40d88173	POST	/auth/	undefined
20230531	22:27:32	bdc50f1a-bb74-4710-975d-5cd480ebe263	POST	/auth/logout	undefined
20230531	22:27:46	b4238cb7-c703-44ee-8cc9-21e8ad9f8506	POST	/users	undefined
20230531	22:28:05	0b8d15e1-268e-4b1e-a125-809086de7427	POST	/users	undefined
20230531	22:28:24	36271be3-a7f1-422a-ae94-8c0a1c92958f	OPTIONS	/auth	http://localhost:3000
20230531	22:28:24	73c86d4b-ccd2-4ac4-b1ab-07468563e7fc	POST	/auth	http://localhost:3000
20230531	22:29:05	8980ecab-3e44-481a-b748-a9e53362f045	OPTIONS	/auth	http://localhost:3000
20230531	22:29:05	fa20669c-18dc-4426-913b-39cd8500d115	POST	/auth	http://localhost:3000
20230531	22:40:11	2c407f3a-69b0-4188-b9cc-d8b12d05a5b0	OPTIONS	/auth	http://localhost:3000
20230531	22:40:11	c55fe66c-6b5e-4823-8c91-254dd7a94744	POST	/auth	http://localhost:3000
20230531	23:08:24	8c4f6a7e-1696-40ee-9985-6043ca0ab39e	OPTIONS	/auth	http://localhost:3000
20230531	23:08:24	5d9443bf-c947-47ab-a3fe-6bc1aded4c9c	POST	/auth	http://localhost:3000
20230531	23:09:45	769713cd-fd25-447d-8c3c-2e01c9364c1d	OPTIONS	/auth	http://localhost:3000
20230531	23:09:45	b20fe60d-26f5-47c5-bfd1-0b11ff6cfd45	POST	/auth	http://localhost:3000
20230531	23:52:03	70703344-4449-41fc-ab04-8af1f9dde9d4	OPTIONS	/auth	http://localhost:3000
20230531	23:52:03	1a3b0c0c-4914-4bf8-8c35-7255dff53a2e	POST	/auth	http://localhost:3000
20230601	00:08:25	2a03ac09-b604-492b-a23b-fa4fbe8415ec	OPTIONS	/auth	http://localhost:3000
20230601	00:08:25	5b2fd738-6bd5-48c2-a413-857be9d6fb3f	POST	/auth	http://localhost:3000
20230601	00:18:51	273a7be2-7938-4c91-945a-c70a68777489	POST	/users	undefined
20230601	00:19:10	5a99760c-986a-4d18-abf6-d50a5c2cef93	POST	/users	undefined
20230601	00:19:41	b4318bcb-41de-4c01-8a44-c8520065656d	POST	/auth/	undefined
20230601	00:19:47	351b992c-d0f5-4a2d-bf22-4ee9a3de4ca7	GET	/auth/refresh	undefined
20230601	00:21:54	f2448bad-8481-444a-9053-6a66c3da2a30	POST	/auth/	undefined
20230601	00:21:57	009257d0-eacd-4c1e-91bf-860ed7a0c5a4	GET	/auth/refresh	undefined
20230601	00:25:47	368af163-8438-4d63-a9d7-8a643c31fee2	OPTIONS	/auth	http://localhost:3000
20230601	00:25:47	9de1ffe2-565d-466f-8ec4-9c7f95266c98	POST	/auth	http://localhost:3000
20230601	00:27:00	42110022-b3e8-43e2-8c1f-ac0e43d3e84f	OPTIONS	/auth	http://localhost:3000
20230601	00:27:00	e7f0e320-ea68-4536-bdf0-c0ec3d75b843	POST	/auth	http://localhost:3000
20230601	00:27:15	7717dcf0-2d52-40d4-af09-302e51b6329c	POST	/auth/	undefined
20230601	00:27:21	3c612418-ebb6-4499-b36b-4d8abb0bbc4b	GET	/auth/refresh	undefined
20230601	00:29:35	6dde759b-b5ed-489f-b884-740c930fa1c5	POST	/auth/	undefined
20230601	00:29:41	8cd640b0-0f14-4a3a-a065-94416c560a6a	GET	/auth/refresh	undefined
20230601	00:30:39	1b3346e6-dff3-4ae2-9c41-632a21c45f90	POST	/auth/	undefined
20230601	00:30:43	89552d26-6c6c-4938-81ed-a20f414b7311	GET	/auth/refresh	undefined
20230601	00:31:18	5add4cbb-737c-4390-bd30-db789e1f37de	POST	/auth/	undefined
20230601	00:31:21	9c59b494-4333-420c-ae1c-23d01e644c07	GET	/auth/refresh	undefined
20230601	00:31:42	6a7f2a5f-cbbf-4fcf-9314-139ee516f1de	POST	/auth/	undefined
20230601	00:31:45	72cb95b3-1d12-42d5-8f3b-ed7e4e9860a5	GET	/auth/refresh	undefined
20230601	00:35:10	6d3e3fed-7ad3-4217-810b-389f1e0d0540	OPTIONS	/auth	http://localhost:3000
20230601	00:35:10	0f571ab9-054c-4a02-a35e-4daddc6ffb6b	POST	/auth	http://localhost:3000
20230601	00:40:21	14c791c8-7d1a-4c3b-9429-45254c354808	GET	/users	http://localhost:3000
20230601	00:40:21	5b4009dc-2c49-43fb-85af-b2aa83d7d654	GET	/notes	http://localhost:3000
20230601	00:42:35	f8f6a64e-be94-4f62-8b93-17a4a7626e42	GET	/notes	http://localhost:3000
20230601	00:42:35	bb6e6ba9-df32-4b6f-ac88-debe5d0c0162	GET	/users	http://localhost:3000
20230601	00:42:42	c453629d-4238-497f-bea3-d42dac7970af	GET	/notes	http://localhost:3000
20230601	00:42:42	1f5d981a-5449-4031-9141-f279ef5cc08d	GET	/users	http://localhost:3000
20230601	00:43:03	ec5b03d9-2bdc-43bc-bf8e-1038bbb1d21e	GET	/notes	http://localhost:3000
20230601	00:43:03	e97fdd51-d562-4aba-a015-4ae2093de965	GET	/users	http://localhost:3000
20230601	00:43:15	333634d9-d1b5-4b52-bed5-e82c087a895a	OPTIONS	/auth	http://localhost:3000
20230601	00:43:15	b13a8300-90e9-4e80-a6c7-68c6875e2103	POST	/auth	http://localhost:3000
20230601	00:43:16	aaa5b540-1243-43b5-80a4-80ea17dc9267	OPTIONS	/notes	http://localhost:3000
20230601	00:43:16	11c72539-ab63-409b-af0c-ccfca5b87a51	OPTIONS	/users	http://localhost:3000
20230601	00:43:16	881fb9a1-87b4-40da-9669-7417b0866a97	GET	/notes	http://localhost:3000
20230601	00:43:16	39ff9d74-3bb9-48fe-a6e2-da8d23197afc	GET	/users	http://localhost:3000
20230601	00:44:36	dcbbe1e2-1612-43b2-ae94-28b37e8a3f4f	OPTIONS	/notes	http://localhost:3000
20230601	00:44:36	4c5dc060-ab16-4eb8-8187-3233def9690a	POST	/notes	http://localhost:3000
20230601	00:44:37	cefae6d2-fc22-4fd6-9f5e-f2f2ae9df11f	GET	/notes	http://localhost:3000
20230601	00:44:37	8ad2fbd0-5f01-4d6d-ab74-37a988d5612e	GET	/notes	http://localhost:3000
20230601	00:44:44	4d588f6c-26a5-4a4b-85d5-7b4debbe174a	OPTIONS	/users	http://localhost:3000
20230601	00:44:44	1b3d56fd-d88c-496e-aae4-a0c3b58b0bbe	GET	/users	http://localhost:3000
20230601	00:44:58	db7e76a8-00d6-461f-b90e-55657898467b	OPTIONS	/users	http://localhost:3000
20230601	00:44:58	756b65a5-7361-415e-ad25-6ca672555ef6	PATCH	/users	http://localhost:3000
20230601	00:44:59	943de420-ba19-4f51-8bdc-fc4dcb3c45fc	GET	/users	http://localhost:3000
20230601	00:44:59	9c496013-b1fd-4196-a091-339f26670eed	GET	/users	http://localhost:3000
